<?xml version="1.0" encoding="UTF-8"?>
<testng-results ignored="0" total="1" passed="1" failed="0" skipped="0">
  <reporter-output>
  </reporter-output>
  <suite started-at="2025-12-27T19:31:16 IST" name="Surefire suite" finished-at="2025-12-27T19:31:26 IST" duration-ms="9730">
    <groups>
    </groups>
    <test started-at="2025-12-27T19:31:16 IST" name="Surefire test" finished-at="2025-12-27T19:31:26 IST" duration-ms="9730">
      <class name="HandlingScreenshotInSelenium.HandlingScreenshotsTest">
        <test-method signature="TestDemoRadiobutton()[pri:0, instance:HandlingScreenshotInSelenium.HandlingScreenshotsTest@6da21078]" started-at="2025-12-27T19:31:16 IST" name="TestDemoRadiobutton" finished-at="2025-12-27T19:31:26 IST" duration-ms="9578" status="PASS">
          <reporter-output>
          </reporter-output>
        </test-method> <!-- TestDemoRadiobutton -->
      </class> <!-- HandlingScreenshotInSelenium.HandlingScreenshotsTest -->
    </test> <!-- Surefire test -->
  </suite> <!-- Surefire suite -->
</testng-results>
