<?xml version="1.0" encoding="UTF-8"?>
<testng-results ignored="0" total="1" passed="1" failed="0" skipped="0">
  <reporter-output>
  </reporter-output>
  <suite started-at="2025-12-27T19:20:26 IST" name="Default suite" finished-at="2025-12-27T19:20:37 IST" duration-ms="10354">
    <groups>
    </groups>
    <test started-at="2025-12-27T19:20:26 IST" name="Default test" finished-at="2025-12-27T19:20:37 IST" duration-ms="10354">
      <class name="HandlingScreenshotInSelenium.HandlingScreenshotsTest">
        <test-method signature="TestDemoRadiobutton()[pri:0, instance:HandlingScreenshotInSelenium.HandlingScreenshotsTest@710636b0]" started-at="2025-12-27T19:20:26 IST" name="TestDemoRadiobutton" finished-at="2025-12-27T19:20:36 IST" duration-ms="10185" status="PASS">
          <reporter-output>
          </reporter-output>
        </test-method> <!-- TestDemoRadiobutton -->
      </class> <!-- HandlingScreenshotInSelenium.HandlingScreenshotsTest -->
    </test> <!-- Default test -->
  </suite> <!-- Default suite -->
</testng-results>
